--------------- Build Started: 12/13/2017 10:58:12 Project: ZumoBot, Configuration: ARM GCC 4.9-2015-q1-update Debug ---------------
The code generation step is up to date.
arm-none-eabi-gcc.exe -mcpu=cortex-m3 -mthumb -I.\ZumoLibrary -I. -IGenerated_Source\PSoC5 -Wa,-alh=.\CortexM3\ARM_GCC_493\Debug/main.lst -g -D DEBUG -Wall -ffunction-sections -Og -ffat-lto-objects -c main.c -o .\CortexM3\ARM_GCC_493\Debug\main.o
main.c: In function 'main':
main.c:53:9: warning: unused variable 'flag' [-Wunused-variable]
     int flag = 0;
         ^
main.c:52:11: warning: unused variable 'motorspeedright' [-Wunused-variable]
     float motorspeedright = 0.0;
           ^
main.c:51:11: warning: unused variable 'motorspeedleft' [-Wunused-variable]
     float motorspeedleft = 0.0;
           ^
main.c:50:11: warning: unused variable 'dr' [-Wunused-variable]
     float dr = 0.0;
           ^
main.c:49:11: warning: unused variable 'dl' [-Wunused-variable]
     float dl = 0.0;
           ^
main.c:48:11: warning: unused variable 'kD' [-Wunused-variable]
     float kD = 0.0001;
           ^
main.c:47:11: warning: unused variable 'kP' [-Wunused-variable]
     float kP = 276.4063;
           ^
main.c:45:11: warning: unused variable 'whiter1' [-Wunused-variable]
     float whiter1 = 5200.0;
           ^
main.c:44:11: warning: unused variable 'whitel1' [-Wunused-variable]
     float whitel1 = 5100.0;
           ^
main.c:43:11: warning: unused variable 'lasterrorr' [-Wunused-variable]
     float lasterrorr = 0.0;
           ^
main.c:42:11: warning: unused variable 'lasterrorl' [-Wunused-variable]
     float lasterrorl = 0.0;
           ^
main.c:41:11: warning: unused variable 'errorR' [-Wunused-variable]
     float errorR = 0.0;
           ^
main.c:40:11: warning: unused variable 'errorL' [-Wunused-variable]
     float errorL = 0.0;
           ^
main.c:184:1: warning: control reaches end of non-void function [-Wreturn-type]
 }
 ^
main.c:82:10: warning: 'count' is used uninitialized in this function [-Wuninitialized]
     while(count < 3){
          ^
arm-none-eabi-ar.exe -rs .\CortexM3\ARM_GCC_493\Debug\ZumoBot.a .\CortexM3\ARM_GCC_493\Debug\cyfitter_cfg.o .\CortexM3\ARM_GCC_493\Debug\PWM.o .\CortexM3\ARM_GCC_493\Debug\PWM_PM.o .\CortexM3\ARM_GCC_493\Debug\Clock_1.o .\CortexM3\ARM_GCC_493\Debug\SDA_1.o .\CortexM3\ARM_GCC_493\Debug\SCL_1.o .\CortexM3\ARM_GCC_493\Debug\I2C.o .\CortexM3\ARM_GCC_493\Debug\I2C_BOOT.o .\CortexM3\ARM_GCC_493\Debug\I2C_INT.o .\CortexM3\ARM_GCC_493\Debug\I2C_PM.o .\CortexM3\ARM_GCC_493\Debug\I2C_SLAVE.o .\CortexM3\ARM_GCC_493\Debug\I2C_MASTER.o .\CortexM3\ARM_GCC_493\Debug\CyDmac.o .\CortexM3\ARM_GCC_493\Debug\CyFlash.o .\CortexM3\ARM_GCC_493\Debug\CyLib.o .\CortexM3\ARM_GCC_493\Debug\cyPm.o .\CortexM3\ARM_GCC_493\Debug\CySpc.o .\CortexM3\ARM_GCC_493\Debug\cyutils.o .\CortexM3\ARM_GCC_493\Debug\MotorPwmLeft.o .\CortexM3\ARM_GCC_493\Debug\MotorPwmRight.o .\CortexM3\ARM_GCC_493\Debug\MotorDirLeft.o .\CortexM3\ARM_GCC_493\Debug\MotorDirRight.o .\CortexM3\ARM_GCC_493\Debug\Timer_1.o .\CortexM3\ARM_GCC_493\Debug\Timer_1_PM.o .\CortexM3\ARM_GCC_493\Debug\IR_led.o .\CortexM3\ARM_GCC_493\Debug\sensor_isr.o .\CortexM3\ARM_GCC_493\Debug\UART_1.o .\CortexM3\ARM_GCC_493\Debug\UART_1_PM.o .\CortexM3\ARM_GCC_493\Debug\UART_1_INT.o .\CortexM3\ARM_GCC_493\Debug\UART_1_BOOT.o .\CortexM3\ARM_GCC_493\Debug\Battery_pin.o .\CortexM3\ARM_GCC_493\Debug\ADC_Battery.o .\CortexM3\ARM_GCC_493\Debug\ADC_Battery_INT.o .\CortexM3\ARM_GCC_493\Debug\ADC_Battery_PM.o .\CortexM3\ARM_GCC_493\Debug\BatteryLed.o .\CortexM3\ARM_GCC_493\Debug\IR_receiver.o .\CortexM3\ARM_GCC_493\Debug\Trig.o .\CortexM3\ARM_GCC_493\Debug\timer_clock_4.o .\CortexM3\ARM_GCC_493\Debug\Timer.o .\CortexM3\ARM_GCC_493\Debug\Timer_PM.o .\CortexM3\ARM_GCC_493\Debug\Echo.o .\CortexM3\ARM_GCC_493\Debug\ultra_isr.o .\CortexM3\ARM_GCC_493\Debug\UART_1_IntClock.o .\CortexM3\ARM_GCC_493\Debug\ADC_Battery_IRQ.o .\CortexM3\ARM_GCC_493\Debug\ADC_Battery_theACLK.o .\CortexM3\ARM_GCC_493\Debug\ADC_Battery_Bypass.o .\CortexM3\ARM_GCC_493\Debug\Buzzer.o .\CortexM3\ARM_GCC_493\Debug\Buzzer_PWM.o .\CortexM3\ARM_GCC_493\Debug\Buzzer_PWM_PM.o .\CortexM3\ARM_GCC_493\Debug\Clock_2.o .\CortexM3\ARM_GCC_493\Debug\timer_clock_5.o .\CortexM3\ARM_GCC_493\Debug\L3.o .\CortexM3\ARM_GCC_493\Debug\Timer_L3.o .\CortexM3\ARM_GCC_493\Debug\Timer_L3_PM.o .\CortexM3\ARM_GCC_493\Debug\Timer_R3.o .\CortexM3\ARM_GCC_493\Debug\Timer_R3_PM.o .\CortexM3\ARM_GCC_493\Debug\Timer_R1.o .\CortexM3\ARM_GCC_493\Debug\Timer_R1_PM.o .\CortexM3\ARM_GCC_493\Debug\R1.o .\CortexM3\ARM_GCC_493\Debug\R3.o .\CortexM3\ARM_GCC_493\Debug\Timer_L1.o .\CortexM3\ARM_GCC_493\Debug\Timer_L1_PM.o .\CortexM3\ARM_GCC_493\Debug\L1.o .\CortexM3\ARM_GCC_493\Debug\SW1.o .\CortexM3\ARM_GCC_493\Debug\CyBootAsmGnu.o
arm-none-eabi-ar.exe: creating .\CortexM3\ARM_GCC_493\Debug\ZumoBot.a
arm-none-eabi-gcc.exe -Wl,--start-group -o .\CortexM3\ARM_GCC_493\Debug\ZumoBot.elf .\CortexM3\ARM_GCC_493\Debug\main.o .\CortexM3\ARM_GCC_493\Debug\Accel.o .\CortexM3\ARM_GCC_493\Debug\Ambient.o .\CortexM3\ARM_GCC_493\Debug\Gyro.o .\CortexM3\ARM_GCC_493\Debug\I2C_made.o .\CortexM3\ARM_GCC_493\Debug\IR.o .\CortexM3\ARM_GCC_493\Debug\Magnet.o .\CortexM3\ARM_GCC_493\Debug\Motor.o .\CortexM3\ARM_GCC_493\Debug\Nunchuk.o .\CortexM3\ARM_GCC_493\Debug\Reflectance.o .\CortexM3\ARM_GCC_493\Debug\Ultra.o .\CortexM3\ARM_GCC_493\Debug\Beep.o .\CortexM3\ARM_GCC_493\Debug\cymetadata.o .\CortexM3\ARM_GCC_493\Debug\Cm3Start.o .\CortexM3\ARM_GCC_493\Debug\ZumoBot.a "C:\Program Files (x86)\Cypress\PSoC Creator\4.0\PSoC Creator\psoc\content\cycomponentlibrary\CyComponentLibrary.cylib\CortexM3\ARM_GCC_493\Debug\CyComponentLibrary.a" -mcpu=cortex-m3 -mthumb -g -ffunction-sections -Og -ffat-lto-objects -l m -L Generated_Source\PSoC5 -Wl,-Map,.\CortexM3\ARM_GCC_493\Debug/ZumoBot.map -T C:\Users\Vladimir\Desktop\Zumo.release04\Zumo01\ZumoBot.cydsn\Generated_Source\PSoC5\cm3gcc.ld -u _printf_float -Wl,--gc-sections -Wl,--end-group
cyelftool.exe -C C:\Users\Vladimir\Desktop\Zumo.release04\Zumo01\ZumoBot.cydsn\CortexM3\ARM_GCC_493\Debug\ZumoBot.elf --flash_row_size 256 --flash_size 262144
cyelftool.exe -S C:\Users\Vladimir\Desktop\Zumo.release04\Zumo01\ZumoBot.cydsn\CortexM3\ARM_GCC_493\Debug\ZumoBot.elf
Flash used: 29120 of 262144 bytes (11,1 %).
SRAM used: 6709 of 65536 bytes (10,2 %). Stack: 2048 bytes. Heap: 2048 bytes.
--------------- Build Succeeded: 12/13/2017 10:58:16 ---------------
