ARM GAS  C:\Users\Vladimir\AppData\Local\Temp\ccnKbWGp.s 			page 1


   1              		.syntax unified
   2              		.cpu cortex-m3
   3              		.fpu softvfp
   4              		.eabi_attribute 20, 1
   5              		.eabi_attribute 21, 1
   6              		.eabi_attribute 23, 3
   7              		.eabi_attribute 24, 1
   8              		.eabi_attribute 25, 1
   9              		.eabi_attribute 26, 1
  10              		.eabi_attribute 30, 1
  11              		.eabi_attribute 34, 1
  12              		.eabi_attribute 18, 4
  13              		.thumb
  14              		.file	"main.c"
  15              		.text
  16              	.Ltext0:
  17              		.cfi_sections	.debug_frame
  18              		.section	.text.main,"ax",%progbits
  19              		.align	2
  20              		.global	main
  21              		.thumb
  22              		.thumb_func
  23              		.type	main, %function
  24              	main:
  25              	.LFB63:
  26              		.file 1 "main.c"
   1:main.c        **** /**
   2:main.c        **** * @mainpage ZumoBot Project
   3:main.c        **** * @brief    You can make your own ZumoBot with various sensors.
   4:main.c        **** * @details  <br><br>
   5:main.c        ****     <p>
   6:main.c        ****     <B>General</B><br>
   7:main.c        ****     You will use Pololu Zumo Shields for your robot project with CY8CKIT-059(PSoC 5LP) from Cypress
   8:main.c        ****     library has basic methods of various sensors and communications so that you can make what you w
   9:main.c        ****     <br><br>
  10:main.c        ****     </p>
  11:main.c        ****     
  12:main.c        ****     <p>
  13:main.c        ****     <B>Sensors</B><br>
  14:main.c        ****     &nbsp;Included: <br>
  15:main.c        ****         &nbsp;&nbsp;&nbsp;&nbsp;LSM303D: Accelerometer & Magnetometer<br>
  16:main.c        ****         &nbsp;&nbsp;&nbsp;&nbsp;L3GD20H: Gyroscope<br>
  17:main.c        ****         &nbsp;&nbsp;&nbsp;&nbsp;Reflectance sensor<br>
  18:main.c        ****         &nbsp;&nbsp;&nbsp;&nbsp;Motors
  19:main.c        ****     &nbsp;Wii nunchuck<br>
  20:main.c        ****     &nbsp;TSOP-2236: IR Receiver<br>
  21:main.c        ****     &nbsp;HC-SR04: Ultrasonic sensor<br>
  22:main.c        ****     &nbsp;APDS-9301: Ambient light sensor<br>
  23:main.c        ****     &nbsp;IR LED <br><br><br>
  24:main.c        ****     </p>
  25:main.c        ****     
  26:main.c        ****     <p>
  27:main.c        ****     <B>Communication</B><br>
  28:main.c        ****     I2C, UART, Serial<br>
  29:main.c        ****     </p>
  30:main.c        **** */
  31:main.c        **** 
ARM GAS  C:\Users\Vladimir\AppData\Local\Temp\ccnKbWGp.s 			page 2


  32:main.c        **** #include <project.h>
  33:main.c        **** #include <stdio.h>
  34:main.c        **** #include "Motor.h"
  35:main.c        **** #include "Ultra.h"
  36:main.c        **** #include "Nunchuk.h"
  37:main.c        **** #include "Reflectance.h"
  38:main.c        **** #include "I2C_made.h"
  39:main.c        **** #include "Gyro.h"
  40:main.c        **** #include "Accel_magnet.h"
  41:main.c        **** #include "IR.h"
  42:main.c        **** #include "Ambient.h"
  43:main.c        **** #include "Beep.h"
  44:main.c        **** 
  45:main.c        **** int rread(void);
  46:main.c        **** 
  47:main.c        **** /**
  48:main.c        ****  * @file    main.c
  49:main.c        ****  * @brief   
  50:main.c        ****  * @details  ** You should enable global interrupt for operating properly. **<br>&nbsp;&nbsp;&nbsp;
  51:main.c        **** */
  52:main.c        **** 
  53:main.c        **** 
  54:main.c        **** //battery level//
  55:main.c        **** /*int main()
  56:main.c        **** {
  57:main.c        ****     CyGlobalIntEnable; 
  58:main.c        ****     UART_1_Start();
  59:main.c        ****     ADC_Battery_Start();        
  60:main.c        ****     int16 adcresult =0;
  61:main.c        ****     float volts = 0.0;
  62:main.c        **** 
  63:main.c        ****     printf("\nBoot\n");
  64:main.c        **** 
  65:main.c        ****     //BatteryLed_Write(1); // Switch led on 
  66:main.c        ****     BatteryLed_Write(0); // Switch led off 
  67:main.c        ****     //uint8 button;
  68:main.c        ****     //button = SW1_Read(); // read SW1 on pSoC board
  69:main.c        **** 
  70:main.c        ****     for(;;)
  71:main.c        ****     {
  72:main.c        ****         
  73:main.c        ****         ADC_Battery_StartConvert();
  74:main.c        ****         if(ADC_Battery_IsEndConversion(ADC_Battery_WAIT_FOR_RESULT)) {   // wait for get ADC conver
  75:main.c        ****             adcresult = ADC_Battery_GetResult16();
  76:main.c        ****             volts = ADC_Battery_CountsTo_Volts(adcresult) * (3.0/2.0);                  // convert 
  77:main.c        ****         
  78:main.c        ****             // If you want to print value
  79:main.c        ****             printf("%d %f\r\n",adcresult, volts);
  80:main.c        ****         }
  81:main.c        ****         CyDelay(500);
  82:main.c        ****         
  83:main.c        ****     }
  84:main.c        ****  }   */
  85:main.c        **** //*/
  86:main.c        **** 
  87:main.c        **** 
  88:main.c        **** /*//ultra sonic sensor//
ARM GAS  C:\Users\Vladimir\AppData\Local\Temp\ccnKbWGp.s 			page 3


  89:main.c        **** int main()
  90:main.c        **** {
  91:main.c        ****     CyGlobalIntEnable; 
  92:main.c        ****     UART_1_Start();
  93:main.c        ****     Ultra_Start();                          // Ultra Sonic Start function
  94:main.c        ****     while(1) {
  95:main.c        ****         //If you want to print out the value  
  96:main.c        ****         printf("distance = %5.0f\r\n", Ultra_GetDistance());
  97:main.c        ****         CyDelay(1000);
  98:main.c        ****     }
  99:main.c        **** }   
 100:main.c        **** //*/
 101:main.c        **** 
 102:main.c        **** 
 103:main.c        **** /*//nunchuk//
 104:main.c        **** int main()
 105:main.c        **** {
 106:main.c        ****     CyGlobalIntEnable; 
 107:main.c        ****     UART_1_Start();
 108:main.c        ****   
 109:main.c        ****     nunchuk_start();
 110:main.c        ****     nunchuk_init();
 111:main.c        ****     
 112:main.c        ****     for(;;)
 113:main.c        ****     {    
 114:main.c        ****         nunchuk_read();
 115:main.c        ****     }
 116:main.c        **** }   
 117:main.c        **** //*/
 118:main.c        **** 
 119:main.c        **** 
 120:main.c        **** /*//IR receiver//
 121:main.c        **** int main()
 122:main.c        **** {
 123:main.c        ****     CyGlobalIntEnable; 
 124:main.c        ****     UART_1_Start();
 125:main.c        ****     
 126:main.c        ****     unsigned int IR_val; 
 127:main.c        ****     
 128:main.c        ****     for(;;)
 129:main.c        ****     {
 130:main.c        ****        IR_val = get_IR();
 131:main.c        ****        printf("%x\r\n\n",IR_val);
 132:main.c        ****     }    
 133:main.c        ****  }   
 134:main.c        **** //*/
 135:main.c        **** 
 136:main.c        **** 
 137:main.c        **** /*//Ambient light sensor//
 138:main.c        **** int main()
 139:main.c        **** {
 140:main.c        ****     CyGlobalIntEnable; 
 141:main.c        ****     UART_1_Start();
 142:main.c        ****     
 143:main.c        ****     I2C_Start();
 144:main.c        ****     
 145:main.c        ****     I2C_write(0x29,0x80,0x00);          // set to power down
ARM GAS  C:\Users\Vladimir\AppData\Local\Temp\ccnKbWGp.s 			page 4


 146:main.c        ****     I2C_write(0x29,0x80,0x03);          // set to power on
 147:main.c        ****     
 148:main.c        ****     for(;;)
 149:main.c        ****     {    
 150:main.c        ****         uint8 Data0Low,Data0High,Data1Low,Data1High;
 151:main.c        ****         Data0Low = I2C_read(0x29,CH0_L);
 152:main.c        ****         Data0High = I2C_read(0x29,CH0_H);
 153:main.c        ****         Data1Low = I2C_read(0x29,CH1_L);
 154:main.c        ****         Data1High = I2C_read(0x29,CH1_H);
 155:main.c        ****         
 156:main.c        ****         uint8 CH0, CH1;
 157:main.c        ****         CH0 = convert_raw(Data0Low,Data0High);      // combine Data0
 158:main.c        ****         CH1 = convert_raw(Data1Low,Data1High);      // combine Data1
 159:main.c        **** 
 160:main.c        ****         double Ch0 = CH0;
 161:main.c        ****         double Ch1 = CH1;
 162:main.c        ****         
 163:main.c        ****         double data = 0;
 164:main.c        ****         data = getLux(Ch0,Ch1);
 165:main.c        ****         
 166:main.c        ****         // If you want to print out data
 167:main.c        ****         //printf("%lf\r\n",data);    
 168:main.c        ****     }    
 169:main.c        ****  }   
 170:main.c        **** //*/
 171:main.c        **** 
 172:main.c        **** 
 173:main.c        **** /*//accelerometer//
 174:main.c        **** int main()
 175:main.c        **** {
 176:main.c        ****     CyGlobalIntEnable; 
 177:main.c        ****     UART_1_Start();
 178:main.c        ****   
 179:main.c        ****     I2C_Start();
 180:main.c        ****   
 181:main.c        ****     uint8 X_L_A, X_H_A, Y_L_A, Y_H_A, Z_L_A, Z_H_A;
 182:main.c        ****     int16 X_AXIS_A, Y_AXIS_A, Z_AXIS_A;
 183:main.c        ****     
 184:main.c        ****     I2C_write(ACCEL_MAG_ADDR, ACCEL_CTRL1_REG, 0x37);           // set accelerometer & magnetometer
 185:main.c        ****     I2C_write(ACCEL_MAG_ADDR, ACCEL_CTRL7_REG, 0x22);
 186:main.c        ****     
 187:main.c        ****     
 188:main.c        ****     for(;;)
 189:main.c        ****     {
 190:main.c        ****         //print out accelerometer output
 191:main.c        ****         X_L_A = I2C_read(ACCEL_MAG_ADDR, OUT_X_L_A);
 192:main.c        ****         X_H_A = I2C_read(ACCEL_MAG_ADDR, OUT_X_H_A);
 193:main.c        ****         X_AXIS_A = convert_raw(X_L_A, X_H_A);
 194:main.c        ****         
 195:main.c        ****         Y_L_A = I2C_read(ACCEL_MAG_ADDR, OUT_Y_L_A);
 196:main.c        ****         Y_H_A = I2C_read(ACCEL_MAG_ADDR, OUT_Y_H_A);
 197:main.c        ****         Y_AXIS_A = convert_raw(Y_L_A, Y_H_A);
 198:main.c        ****         
 199:main.c        ****         Z_L_A = I2C_read(ACCEL_MAG_ADDR, OUT_Z_L_A);
 200:main.c        ****         Z_H_A = I2C_read(ACCEL_MAG_ADDR, OUT_Z_H_A);
 201:main.c        ****         Z_AXIS_A = convert_raw(Z_L_A, Z_H_A);
 202:main.c        ****         
ARM GAS  C:\Users\Vladimir\AppData\Local\Temp\ccnKbWGp.s 			page 5


 203:main.c        ****         printf("ACCEL: %d %d %d %d %d %d \r\n", X_L_A, X_H_A, Y_L_A, Y_H_A, Z_L_A, Z_H_A);
 204:main.c        ****         value_convert_accel(X_AXIS_A, Y_AXIS_A, Z_AXIS_A);
 205:main.c        ****         printf("\n");
 206:main.c        ****         
 207:main.c        ****         CyDelay(50);
 208:main.c        ****     }
 209:main.c        **** }   
 210:main.c        **** //*/
 211:main.c        **** 
 212:main.c        **** 
 213:main.c        **** ///reflectance//
 214:main.c        **** int main()
 215:main.c        **** {
  27              		.loc 1 215 0
  28              		.cfi_startproc
  29              		@ args = 0, pretend = 0, frame = 16
  30              		@ frame_needed = 0, uses_anonymous_args = 0
  31 0000 10B5     		push	{r4, lr}
  32              		.cfi_def_cfa_offset 8
  33              		.cfi_offset 4, -8
  34              		.cfi_offset 14, -4
  35 0002 86B0     		sub	sp, sp, #24
  36              		.cfi_def_cfa_offset 32
 216:main.c        ****     struct sensors_ ref;
 217:main.c        ****     struct sensors_ dig;
 218:main.c        ****     CyGlobalIntEnable; 
  37              		.loc 1 218 0
  38              	@ 218 "main.c" 1
  39 0004 62B6     		CPSIE   i
  40              	@ 0 "" 2
 219:main.c        ****     UART_1_Start();
  41              		.loc 1 219 0
  42              		.thumb
  43 0006 FFF7FEFF 		bl	UART_1_Start
  44              	.LVL0:
 220:main.c        ****   
 221:main.c        ****     sensor_isr_StartEx(sensor_isr_handler);
  45              		.loc 1 221 0
  46 000a 3D48     		ldr	r0, .L11
  47 000c FFF7FEFF 		bl	sensor_isr_StartEx
  48              	.LVL1:
 222:main.c        ****     
 223:main.c        ****     reflectance_start();
  49              		.loc 1 223 0
  50 0010 FFF7FEFF 		bl	reflectance_start
  51              	.LVL2:
 224:main.c        ****     
 225:main.c        ****     IR_led_Write(1);
  52              		.loc 1 225 0
  53 0014 0120     		movs	r0, #1
  54 0016 FFF7FEFF 		bl	IR_led_Write
  55              	.LVL3:
  56              	.L2:
 226:main.c        ****     
 227:main.c        ****     
 228:main.c        ****     
 229:main.c        ****     for(;;){
ARM GAS  C:\Users\Vladimir\AppData\Local\Temp\ccnKbWGp.s 			page 6


 230:main.c        ****         reflectance_read(&ref);
  57              		.loc 1 230 0
  58 001a 04A8     		add	r0, sp, #16
  59 001c FFF7FEFF 		bl	reflectance_read
  60              	.LVL4:
 231:main.c        ****         printf("%d %d %d %d \r\n", ref.l3, ref.l1, ref.r1, ref.r3);       //print out each period o
  61              		.loc 1 231 0
  62 0020 BDF81010 		ldrh	r1, [sp, #16]
  63 0024 BDF81220 		ldrh	r2, [sp, #18]
  64 0028 BDF81430 		ldrh	r3, [sp, #20]
  65 002c BDF81600 		ldrh	r0, [sp, #22]
  66 0030 344C     		ldr	r4, .L11+4
  67 0032 0090     		str	r0, [sp]
  68 0034 2046     		mov	r0, r4
  69 0036 FFF7FEFF 		bl	printf
  70              	.LVL5:
 232:main.c        ****         reflectance_digital(&dig);      //print out 0 or 1 according to results of reflectance peri
  71              		.loc 1 232 0
  72 003a 02A8     		add	r0, sp, #8
  73 003c FFF7FEFF 		bl	reflectance_digital
  74              	.LVL6:
 233:main.c        ****         printf("%d %d %d %d \r\n", dig.l3, dig.l1, dig.r1, dig.r3);        //print out 0 or 1 accor
  75              		.loc 1 233 0
  76 0040 BDF80810 		ldrh	r1, [sp, #8]
  77 0044 BDF80A20 		ldrh	r2, [sp, #10]
  78 0048 BDF80C30 		ldrh	r3, [sp, #12]
  79 004c BDF80E00 		ldrh	r0, [sp, #14]
  80 0050 0090     		str	r0, [sp]
  81 0052 2046     		mov	r0, r4
  82 0054 FFF7FEFF 		bl	printf
  83              	.LVL7:
 234:main.c        ****         
 235:main.c        ****         CyDelay(50);
  84              		.loc 1 235 0
  85 0058 3220     		movs	r0, #50
  86 005a FFF7FEFF 		bl	CyDelay
  87              	.LVL8:
 236:main.c        ****     
 237:main.c        ****         motor_start();
  88              		.loc 1 237 0
  89 005e FFF7FEFF 		bl	motor_start
  90              	.LVL9:
 238:main.c        ****         
 239:main.c        ****         
 240:main.c        ****         if(dig.l1 == 0 && dig.r1 == 0){
  91              		.loc 1 240 0
  92 0062 BDF80A30 		ldrh	r3, [sp, #10]
  93 0066 3BB9     		cbnz	r3, .L3
  94              		.loc 1 240 0 is_stmt 0 discriminator 1
  95 0068 BDF80C20 		ldrh	r2, [sp, #12]
  96 006c 22B9     		cbnz	r2, .L3
 241:main.c        ****             
 242:main.c        ****         motor_forward(100,40); //if one of the middle sensors return "black", motor moves forward
  97              		.loc 1 242 0 is_stmt 1
  98 006e 6420     		movs	r0, #100
  99 0070 2821     		movs	r1, #40
 100 0072 FFF7FEFF 		bl	motor_forward
ARM GAS  C:\Users\Vladimir\AppData\Local\Temp\ccnKbWGp.s 			page 7


 101              	.LVL10:
 102 0076 12E0     		b	.L4
 103              	.L3:
 243:main.c        ****         }
 244:main.c        ****         
 245:main.c        **** 
 246:main.c        ****         else if(dig.r1 == 0 && dig.l1 == 1){
 104              		.loc 1 246 0
 105 0078 BDF80C20 		ldrh	r2, [sp, #12]
 106 007c 3AB9     		cbnz	r2, .L5
 107              		.loc 1 246 0 is_stmt 0 discriminator 1
 108 007e 012B     		cmp	r3, #1
 109 0080 05D1     		bne	.L5
 247:main.c        ****         motor_turn(80,30,40);
 110              		.loc 1 247 0 is_stmt 1
 111 0082 5020     		movs	r0, #80
 112 0084 1E21     		movs	r1, #30
 113 0086 2822     		movs	r2, #40
 114 0088 FFF7FEFF 		bl	motor_turn
 115              	.LVL11:
 116 008c 07E0     		b	.L4
 117              	.L5:
 248:main.c        ****         }
 249:main.c        ****         
 250:main.c        ****         else if(dig.r1 == 1 && dig.l1 == 0){
 118              		.loc 1 250 0
 119 008e 012A     		cmp	r2, #1
 120 0090 05D1     		bne	.L4
 121              		.loc 1 250 0 is_stmt 0 discriminator 1
 122 0092 23B9     		cbnz	r3, .L4
 251:main.c        ****         motor_turn(30,80,40);
 123              		.loc 1 251 0 is_stmt 1
 124 0094 1E20     		movs	r0, #30
 125 0096 5021     		movs	r1, #80
 126 0098 2822     		movs	r2, #40
 127 009a FFF7FEFF 		bl	motor_turn
 128              	.LVL12:
 129              	.L4:
 252:main.c        ****         }
 253:main.c        ****         
 254:main.c        ****         
 255:main.c        ****          if(dig.l3 == 0 && dig.r3 == 1){
 130              		.loc 1 255 0
 131 009e BDF80830 		ldrh	r3, [sp, #8]
 132 00a2 43B9     		cbnz	r3, .L6
 133              		.loc 1 255 0 is_stmt 0 discriminator 1
 134 00a4 BDF80E20 		ldrh	r2, [sp, #14]
 135 00a8 012A     		cmp	r2, #1
 136 00aa 04D1     		bne	.L6
 256:main.c        ****         motor_forward(100, 40);
 137              		.loc 1 256 0 is_stmt 1
 138 00ac 6420     		movs	r0, #100
 139 00ae 2821     		movs	r1, #40
 140 00b0 FFF7FEFF 		bl	motor_forward
 141              	.LVL13:
 142 00b4 0EE0     		b	.L7
 143              	.L6:
ARM GAS  C:\Users\Vladimir\AppData\Local\Temp\ccnKbWGp.s 			page 8


 257:main.c        ****         }
 258:main.c        ****         
 259:main.c        ****         else if(dig.l3 == 0){ //Turns left if outer left sensr returns "black"
 144              		.loc 1 259 0
 145 00b6 2BB9     		cbnz	r3, .L8
 260:main.c        ****         motor_turn(30,80,40);
 146              		.loc 1 260 0
 147 00b8 1E20     		movs	r0, #30
 148 00ba 5021     		movs	r1, #80
 149 00bc 2822     		movs	r2, #40
 150 00be FFF7FEFF 		bl	motor_turn
 151              	.LVL14:
 152 00c2 07E0     		b	.L7
 153              	.L8:
 261:main.c        ****         }
 262:main.c        ****         
 263:main.c        ****         else if(dig.r3 == 0){ //turns right if outer right sensor returns "black" 
 154              		.loc 1 263 0
 155 00c4 BDF80E30 		ldrh	r3, [sp, #14]
 156 00c8 23B9     		cbnz	r3, .L7
 264:main.c        ****         motor_turn(80,30,40);
 157              		.loc 1 264 0
 158 00ca 5020     		movs	r0, #80
 159 00cc 1E21     		movs	r1, #30
 160 00ce 2822     		movs	r2, #40
 161 00d0 FFF7FEFF 		bl	motor_turn
 162              	.LVL15:
 163              	.L7:
 265:main.c        ****         }
 266:main.c        ****         
 267:main.c        ****         if (dig.l3 == 1 && dig.r3 == 1 && dig.l1 == 1 && dig.r1 == 1){
 164              		.loc 1 267 0
 165 00d4 BDF80830 		ldrh	r3, [sp, #8]
 166 00d8 012B     		cmp	r3, #1
 167 00da 9ED1     		bne	.L2
 168              		.loc 1 267 0 is_stmt 0 discriminator 1
 169 00dc BDF80E30 		ldrh	r3, [sp, #14]
 170 00e0 012B     		cmp	r3, #1
 171 00e2 9AD1     		bne	.L2
 172              		.loc 1 267 0 discriminator 2
 173 00e4 BDF80A30 		ldrh	r3, [sp, #10]
 174 00e8 012B     		cmp	r3, #1
 175 00ea 96D1     		bne	.L2
 176              		.loc 1 267 0 discriminator 3
 177 00ec BDF80C30 		ldrh	r3, [sp, #12]
 178 00f0 012B     		cmp	r3, #1
 179 00f2 92D1     		bne	.L2
 268:main.c        ****         motor_backward(60,50);
 180              		.loc 1 268 0 is_stmt 1
 181 00f4 3C20     		movs	r0, #60
 182 00f6 3221     		movs	r1, #50
 183 00f8 FFF7FEFF 		bl	motor_backward
 184              	.LVL16:
 185 00fc 8DE7     		b	.L2
 186              	.L12:
 187 00fe 00BF     		.align	2
 188              	.L11:
ARM GAS  C:\Users\Vladimir\AppData\Local\Temp\ccnKbWGp.s 			page 9


 189 0100 00000000 		.word	sensor_isr_handler
 190 0104 00000000 		.word	.LC0
 191              		.cfi_endproc
 192              	.LFE63:
 193              		.size	main, .-main
 194              		.section	.rodata.str1.4,"aMS",%progbits,1
 195              		.align	2
 196              	.LC0:
 197 0000 25642025 		.ascii	"%d %d %d %d \015\012\000"
 197      64202564 
 197      20256420 
 197      0D0A00
 198 000f 00       		.text
 199              	.Letext0:
 200              		.file 2 "c:\\program files (x86)\\cypress\\psoc creator\\4.0\\psoc creator\\import\\gnu\\arm\\4.9.
 201              		.file 3 "c:\\program files (x86)\\cypress\\psoc creator\\4.0\\psoc creator\\import\\gnu\\arm\\4.9.
 202              		.file 4 "Generated_Source\\PSoC5/cytypes.h"
 203              		.file 5 ".\\ZumoLibrary/Reflectance.h"
 204              		.file 6 "Generated_Source\\PSoC5/UART_1.h"
 205              		.file 7 "Generated_Source\\PSoC5/sensor_isr.h"
 206              		.file 8 "Generated_Source\\PSoC5/IR_led.h"
 207              		.file 9 "Generated_Source\\PSoC5/CyLib.h"
 208              		.file 10 ".\\ZumoLibrary/Motor.h"
 209              		.file 11 "Generated_Source\\PSoC5/core_cm3.h"
 210              		.file 12 "c:\\program files (x86)\\cypress\\psoc creator\\4.0\\psoc creator\\import\\gnu\\arm\\4.9
 211              		.section	.debug_info,"",%progbits
 212              	.Ldebug_info0:
 213 0000 E3030000 		.4byte	0x3e3
 214 0004 0400     		.2byte	0x4
 215 0006 00000000 		.4byte	.Ldebug_abbrev0
 216 000a 04       		.byte	0x4
 217 000b 01       		.uleb128 0x1
 218 000c 3B010000 		.4byte	.LASF34
 219 0010 01       		.byte	0x1
 220 0011 32020000 		.4byte	.LASF35
 221 0015 F1000000 		.4byte	.LASF36
 222 0019 00000000 		.4byte	.Ldebug_ranges0+0
 223 001d 00000000 		.4byte	0
 224 0021 00000000 		.4byte	.Ldebug_line0
 225 0025 02       		.uleb128 0x2
 226 0026 01       		.byte	0x1
 227 0027 06       		.byte	0x6
 228 0028 65000000 		.4byte	.LASF0
 229 002c 02       		.uleb128 0x2
 230 002d 01       		.byte	0x1
 231 002e 08       		.byte	0x8
 232 002f 84000000 		.4byte	.LASF1
 233 0033 02       		.uleb128 0x2
 234 0034 02       		.byte	0x2
 235 0035 05       		.byte	0x5
 236 0036 45020000 		.4byte	.LASF2
 237 003a 03       		.uleb128 0x3
 238 003b DF000000 		.4byte	.LASF4
 239 003f 02       		.byte	0x2
 240 0040 2B       		.byte	0x2b
 241 0041 45000000 		.4byte	0x45
 242 0045 02       		.uleb128 0x2
ARM GAS  C:\Users\Vladimir\AppData\Local\Temp\ccnKbWGp.s 			page 10


 243 0046 02       		.byte	0x2
 244 0047 07       		.byte	0x7
 245 0048 A4000000 		.4byte	.LASF3
 246 004c 03       		.uleb128 0x3
 247 004d 1A000000 		.4byte	.LASF5
 248 0051 02       		.byte	0x2
 249 0052 3F       		.byte	0x3f
 250 0053 57000000 		.4byte	0x57
 251 0057 02       		.uleb128 0x2
 252 0058 04       		.byte	0x4
 253 0059 05       		.byte	0x5
 254 005a 58020000 		.4byte	.LASF6
 255 005e 02       		.uleb128 0x2
 256 005f 04       		.byte	0x4
 257 0060 07       		.byte	0x7
 258 0061 92000000 		.4byte	.LASF7
 259 0065 02       		.uleb128 0x2
 260 0066 08       		.byte	0x8
 261 0067 05       		.byte	0x5
 262 0068 24020000 		.4byte	.LASF8
 263 006c 02       		.uleb128 0x2
 264 006d 08       		.byte	0x8
 265 006e 07       		.byte	0x7
 266 006f D6010000 		.4byte	.LASF9
 267 0073 04       		.uleb128 0x4
 268 0074 04       		.byte	0x4
 269 0075 05       		.byte	0x5
 270 0076 696E7400 		.ascii	"int\000"
 271 007a 02       		.uleb128 0x2
 272 007b 04       		.byte	0x4
 273 007c 07       		.byte	0x7
 274 007d C9010000 		.4byte	.LASF10
 275 0081 03       		.uleb128 0x3
 276 0082 4F020000 		.4byte	.LASF11
 277 0086 03       		.byte	0x3
 278 0087 21       		.byte	0x21
 279 0088 3A000000 		.4byte	0x3a
 280 008c 03       		.uleb128 0x3
 281 008d 0C020000 		.4byte	.LASF12
 282 0091 03       		.byte	0x3
 283 0092 2C       		.byte	0x2c
 284 0093 4C000000 		.4byte	0x4c
 285 0097 05       		.uleb128 0x5
 286 0098 06020000 		.4byte	.LASF13
 287 009c 04       		.byte	0x4
 288 009d 9201     		.2byte	0x192
 289 009f 2C000000 		.4byte	0x2c
 290 00a3 05       		.uleb128 0x5
 291 00a4 34010000 		.4byte	.LASF14
 292 00a8 04       		.byte	0x4
 293 00a9 9401     		.2byte	0x194
 294 00ab 5E000000 		.4byte	0x5e
 295 00af 02       		.uleb128 0x2
 296 00b0 04       		.byte	0x4
 297 00b1 04       		.byte	0x4
 298 00b2 5F000000 		.4byte	.LASF15
 299 00b6 02       		.uleb128 0x2
ARM GAS  C:\Users\Vladimir\AppData\Local\Temp\ccnKbWGp.s 			page 11


 300 00b7 08       		.byte	0x8
 301 00b8 04       		.byte	0x4
 302 00b9 EA000000 		.4byte	.LASF16
 303 00bd 02       		.uleb128 0x2
 304 00be 01       		.byte	0x1
 305 00bf 08       		.byte	0x8
 306 00c0 39020000 		.4byte	.LASF17
 307 00c4 05       		.uleb128 0x5
 308 00c5 F9010000 		.4byte	.LASF18
 309 00c9 04       		.byte	0x4
 310 00ca 4E02     		.2byte	0x24e
 311 00cc D0000000 		.4byte	0xd0
 312 00d0 06       		.uleb128 0x6
 313 00d1 04       		.byte	0x4
 314 00d2 D6000000 		.4byte	0xd6
 315 00d6 07       		.uleb128 0x7
 316 00d7 02       		.uleb128 0x2
 317 00d8 04       		.byte	0x4
 318 00d9 07       		.byte	0x7
 319 00da 1B020000 		.4byte	.LASF19
 320 00de 06       		.uleb128 0x6
 321 00df 04       		.byte	0x4
 322 00e0 BD000000 		.4byte	0xbd
 323 00e4 06       		.uleb128 0x6
 324 00e5 04       		.byte	0x4
 325 00e6 EA000000 		.4byte	0xea
 326 00ea 08       		.uleb128 0x8
 327 00eb BD000000 		.4byte	0xbd
 328 00ef 09       		.uleb128 0x9
 329 00f0 00000000 		.4byte	.LASF37
 330 00f4 08       		.byte	0x8
 331 00f5 05       		.byte	0x5
 332 00f6 11       		.byte	0x11
 333 00f7 28010000 		.4byte	0x128
 334 00fb 0A       		.uleb128 0xa
 335 00fc 6C3300   		.ascii	"l3\000"
 336 00ff 05       		.byte	0x5
 337 0100 12       		.byte	0x12
 338 0101 81000000 		.4byte	0x81
 339 0105 00       		.byte	0
 340 0106 0A       		.uleb128 0xa
 341 0107 6C3100   		.ascii	"l1\000"
 342 010a 05       		.byte	0x5
 343 010b 14       		.byte	0x14
 344 010c 81000000 		.4byte	0x81
 345 0110 02       		.byte	0x2
 346 0111 0A       		.uleb128 0xa
 347 0112 723100   		.ascii	"r1\000"
 348 0115 05       		.byte	0x5
 349 0116 15       		.byte	0x15
 350 0117 81000000 		.4byte	0x81
 351 011b 04       		.byte	0x4
 352 011c 0A       		.uleb128 0xa
 353 011d 723300   		.ascii	"r3\000"
 354 0120 05       		.byte	0x5
 355 0121 17       		.byte	0x17
 356 0122 81000000 		.4byte	0x81
ARM GAS  C:\Users\Vladimir\AppData\Local\Temp\ccnKbWGp.s 			page 12


 357 0126 06       		.byte	0x6
 358 0127 00       		.byte	0
 359 0128 02       		.uleb128 0x2
 360 0129 08       		.byte	0x8
 361 012a 04       		.byte	0x4
 362 012b 61020000 		.4byte	.LASF20
 363 012f 0B       		.uleb128 0xb
 364 0130 2F010000 		.4byte	.LASF38
 365 0134 01       		.byte	0x1
 366 0135 D6       		.byte	0xd6
 367 0136 73000000 		.4byte	0x73
 368 013a 00000000 		.4byte	.LFB63
 369 013e 08010000 		.4byte	.LFE63-.LFB63
 370 0142 01       		.uleb128 0x1
 371 0143 9C       		.byte	0x9c
 372 0144 06030000 		.4byte	0x306
 373 0148 0C       		.uleb128 0xc
 374 0149 72656600 		.ascii	"ref\000"
 375 014d 01       		.byte	0x1
 376 014e D8       		.byte	0xd8
 377 014f EF000000 		.4byte	0xef
 378 0153 02       		.uleb128 0x2
 379 0154 91       		.byte	0x91
 380 0155 70       		.sleb128 -16
 381 0156 0C       		.uleb128 0xc
 382 0157 64696700 		.ascii	"dig\000"
 383 015b 01       		.byte	0x1
 384 015c D9       		.byte	0xd9
 385 015d EF000000 		.4byte	0xef
 386 0161 02       		.uleb128 0x2
 387 0162 91       		.byte	0x91
 388 0163 68       		.sleb128 -24
 389 0164 0D       		.uleb128 0xd
 390 0165 14020000 		.4byte	.LASF21
 391 0169 01       		.byte	0x1
 392 016a 0802     		.2byte	0x208
 393 016c 73000000 		.4byte	0x73
 394 0170 84010000 		.4byte	0x184
 395 0174 0E       		.uleb128 0xe
 396 0175 73000000 		.4byte	0x73
 397 0179 0E       		.uleb128 0xe
 398 017a DE000000 		.4byte	0xde
 399 017e 0E       		.uleb128 0xe
 400 017f 73000000 		.4byte	0x73
 401 0183 00       		.byte	0
 402 0184 0D       		.uleb128 0xd
 403 0185 59000000 		.4byte	.LASF22
 404 0189 01       		.byte	0x1
 405 018a 1302     		.2byte	0x213
 406 018c 73000000 		.4byte	0x73
 407 0190 A4010000 		.4byte	0x1a4
 408 0194 0E       		.uleb128 0xe
 409 0195 73000000 		.4byte	0x73
 410 0199 0E       		.uleb128 0xe
 411 019a DE000000 		.4byte	0xde
 412 019e 0E       		.uleb128 0xe
 413 019f 73000000 		.4byte	0x73
ARM GAS  C:\Users\Vladimir\AppData\Local\Temp\ccnKbWGp.s 			page 13


 414 01a3 00       		.byte	0
 415 01a4 0F       		.uleb128 0xf
 416 01a5 0A000000 		.4byte	.LVL0
 417 01a9 17030000 		.4byte	0x317
 418 01ad 0F       		.uleb128 0xf
 419 01ae 10000000 		.4byte	.LVL1
 420 01b2 1E030000 		.4byte	0x31e
 421 01b6 0F       		.uleb128 0xf
 422 01b7 14000000 		.4byte	.LVL2
 423 01bb 2F030000 		.4byte	0x32f
 424 01bf 10       		.uleb128 0x10
 425 01c0 1A000000 		.4byte	.LVL3
 426 01c4 36030000 		.4byte	0x336
 427 01c8 D2010000 		.4byte	0x1d2
 428 01cc 11       		.uleb128 0x11
 429 01cd 01       		.uleb128 0x1
 430 01ce 50       		.byte	0x50
 431 01cf 01       		.uleb128 0x1
 432 01d0 31       		.byte	0x31
 433 01d1 00       		.byte	0
 434 01d2 10       		.uleb128 0x10
 435 01d3 20000000 		.4byte	.LVL4
 436 01d7 47030000 		.4byte	0x347
 437 01db E6010000 		.4byte	0x1e6
 438 01df 11       		.uleb128 0x11
 439 01e0 01       		.uleb128 0x1
 440 01e1 50       		.byte	0x50
 441 01e2 02       		.uleb128 0x2
 442 01e3 91       		.byte	0x91
 443 01e4 70       		.sleb128 -16
 444 01e5 00       		.byte	0
 445 01e6 10       		.uleb128 0x10
 446 01e7 3A000000 		.4byte	.LVL5
 447 01eb 5E030000 		.4byte	0x35e
 448 01ef FA010000 		.4byte	0x1fa
 449 01f3 11       		.uleb128 0x11
 450 01f4 01       		.uleb128 0x1
 451 01f5 50       		.byte	0x50
 452 01f6 02       		.uleb128 0x2
 453 01f7 74       		.byte	0x74
 454 01f8 00       		.sleb128 0
 455 01f9 00       		.byte	0
 456 01fa 10       		.uleb128 0x10
 457 01fb 40000000 		.4byte	.LVL6
 458 01ff 74030000 		.4byte	0x374
 459 0203 0E020000 		.4byte	0x20e
 460 0207 11       		.uleb128 0x11
 461 0208 01       		.uleb128 0x1
 462 0209 50       		.byte	0x50
 463 020a 02       		.uleb128 0x2
 464 020b 91       		.byte	0x91
 465 020c 68       		.sleb128 -24
 466 020d 00       		.byte	0
 467 020e 10       		.uleb128 0x10
 468 020f 58000000 		.4byte	.LVL7
 469 0213 5E030000 		.4byte	0x35e
 470 0217 22020000 		.4byte	0x222
ARM GAS  C:\Users\Vladimir\AppData\Local\Temp\ccnKbWGp.s 			page 14


 471 021b 11       		.uleb128 0x11
 472 021c 01       		.uleb128 0x1
 473 021d 50       		.byte	0x50
 474 021e 02       		.uleb128 0x2
 475 021f 74       		.byte	0x74
 476 0220 00       		.sleb128 0
 477 0221 00       		.byte	0
 478 0222 10       		.uleb128 0x10
 479 0223 5E000000 		.4byte	.LVL8
 480 0227 85030000 		.4byte	0x385
 481 022b 36020000 		.4byte	0x236
 482 022f 11       		.uleb128 0x11
 483 0230 01       		.uleb128 0x1
 484 0231 50       		.byte	0x50
 485 0232 02       		.uleb128 0x2
 486 0233 08       		.byte	0x8
 487 0234 32       		.byte	0x32
 488 0235 00       		.byte	0
 489 0236 0F       		.uleb128 0xf
 490 0237 62000000 		.4byte	.LVL9
 491 023b 96030000 		.4byte	0x396
 492 023f 10       		.uleb128 0x10
 493 0240 76000000 		.4byte	.LVL10
 494 0244 A3030000 		.4byte	0x3a3
 495 0248 59020000 		.4byte	0x259
 496 024c 11       		.uleb128 0x11
 497 024d 01       		.uleb128 0x1
 498 024e 51       		.byte	0x51
 499 024f 02       		.uleb128 0x2
 500 0250 08       		.byte	0x8
 501 0251 28       		.byte	0x28
 502 0252 11       		.uleb128 0x11
 503 0253 01       		.uleb128 0x1
 504 0254 50       		.byte	0x50
 505 0255 02       		.uleb128 0x2
 506 0256 08       		.byte	0x8
 507 0257 64       		.byte	0x64
 508 0258 00       		.byte	0
 509 0259 10       		.uleb128 0x10
 510 025a 8C000000 		.4byte	.LVL11
 511 025e B9030000 		.4byte	0x3b9
 512 0262 78020000 		.4byte	0x278
 513 0266 11       		.uleb128 0x11
 514 0267 01       		.uleb128 0x1
 515 0268 52       		.byte	0x52
 516 0269 02       		.uleb128 0x2
 517 026a 08       		.byte	0x8
 518 026b 28       		.byte	0x28
 519 026c 11       		.uleb128 0x11
 520 026d 01       		.uleb128 0x1
 521 026e 51       		.byte	0x51
 522 026f 01       		.uleb128 0x1
 523 0270 4E       		.byte	0x4e
 524 0271 11       		.uleb128 0x11
 525 0272 01       		.uleb128 0x1
 526 0273 50       		.byte	0x50
 527 0274 02       		.uleb128 0x2
ARM GAS  C:\Users\Vladimir\AppData\Local\Temp\ccnKbWGp.s 			page 15


 528 0275 08       		.byte	0x8
 529 0276 50       		.byte	0x50
 530 0277 00       		.byte	0
 531 0278 10       		.uleb128 0x10
 532 0279 9E000000 		.4byte	.LVL12
 533 027d B9030000 		.4byte	0x3b9
 534 0281 97020000 		.4byte	0x297
 535 0285 11       		.uleb128 0x11
 536 0286 01       		.uleb128 0x1
 537 0287 52       		.byte	0x52
 538 0288 02       		.uleb128 0x2
 539 0289 08       		.byte	0x8
 540 028a 28       		.byte	0x28
 541 028b 11       		.uleb128 0x11
 542 028c 01       		.uleb128 0x1
 543 028d 51       		.byte	0x51
 544 028e 02       		.uleb128 0x2
 545 028f 08       		.byte	0x8
 546 0290 50       		.byte	0x50
 547 0291 11       		.uleb128 0x11
 548 0292 01       		.uleb128 0x1
 549 0293 50       		.byte	0x50
 550 0294 01       		.uleb128 0x1
 551 0295 4E       		.byte	0x4e
 552 0296 00       		.byte	0
 553 0297 10       		.uleb128 0x10
 554 0298 B4000000 		.4byte	.LVL13
 555 029c A3030000 		.4byte	0x3a3
 556 02a0 B1020000 		.4byte	0x2b1
 557 02a4 11       		.uleb128 0x11
 558 02a5 01       		.uleb128 0x1
 559 02a6 51       		.byte	0x51
 560 02a7 02       		.uleb128 0x2
 561 02a8 08       		.byte	0x8
 562 02a9 28       		.byte	0x28
 563 02aa 11       		.uleb128 0x11
 564 02ab 01       		.uleb128 0x1
 565 02ac 50       		.byte	0x50
 566 02ad 02       		.uleb128 0x2
 567 02ae 08       		.byte	0x8
 568 02af 64       		.byte	0x64
 569 02b0 00       		.byte	0
 570 02b1 10       		.uleb128 0x10
 571 02b2 C2000000 		.4byte	.LVL14
 572 02b6 B9030000 		.4byte	0x3b9
 573 02ba D0020000 		.4byte	0x2d0
 574 02be 11       		.uleb128 0x11
 575 02bf 01       		.uleb128 0x1
 576 02c0 52       		.byte	0x52
 577 02c1 02       		.uleb128 0x2
 578 02c2 08       		.byte	0x8
 579 02c3 28       		.byte	0x28
 580 02c4 11       		.uleb128 0x11
 581 02c5 01       		.uleb128 0x1
 582 02c6 51       		.byte	0x51
 583 02c7 02       		.uleb128 0x2
 584 02c8 08       		.byte	0x8
ARM GAS  C:\Users\Vladimir\AppData\Local\Temp\ccnKbWGp.s 			page 16


 585 02c9 50       		.byte	0x50
 586 02ca 11       		.uleb128 0x11
 587 02cb 01       		.uleb128 0x1
 588 02cc 50       		.byte	0x50
 589 02cd 01       		.uleb128 0x1
 590 02ce 4E       		.byte	0x4e
 591 02cf 00       		.byte	0
 592 02d0 10       		.uleb128 0x10
 593 02d1 D4000000 		.4byte	.LVL15
 594 02d5 B9030000 		.4byte	0x3b9
 595 02d9 EF020000 		.4byte	0x2ef
 596 02dd 11       		.uleb128 0x11
 597 02de 01       		.uleb128 0x1
 598 02df 52       		.byte	0x52
 599 02e0 02       		.uleb128 0x2
 600 02e1 08       		.byte	0x8
 601 02e2 28       		.byte	0x28
 602 02e3 11       		.uleb128 0x11
 603 02e4 01       		.uleb128 0x1
 604 02e5 51       		.byte	0x51
 605 02e6 01       		.uleb128 0x1
 606 02e7 4E       		.byte	0x4e
 607 02e8 11       		.uleb128 0x11
 608 02e9 01       		.uleb128 0x1
 609 02ea 50       		.byte	0x50
 610 02eb 02       		.uleb128 0x2
 611 02ec 08       		.byte	0x8
 612 02ed 50       		.byte	0x50
 613 02ee 00       		.byte	0
 614 02ef 12       		.uleb128 0x12
 615 02f0 FC000000 		.4byte	.LVL16
 616 02f4 D4030000 		.4byte	0x3d4
 617 02f8 11       		.uleb128 0x11
 618 02f9 01       		.uleb128 0x1
 619 02fa 51       		.byte	0x51
 620 02fb 02       		.uleb128 0x2
 621 02fc 08       		.byte	0x8
 622 02fd 32       		.byte	0x32
 623 02fe 11       		.uleb128 0x11
 624 02ff 01       		.uleb128 0x1
 625 0300 50       		.byte	0x50
 626 0301 02       		.uleb128 0x2
 627 0302 08       		.byte	0x8
 628 0303 3C       		.byte	0x3c
 629 0304 00       		.byte	0
 630 0305 00       		.byte	0
 631 0306 13       		.uleb128 0x13
 632 0307 B7000000 		.4byte	.LASF39
 633 030b 0B       		.byte	0xb
 634 030c 9606     		.2byte	0x696
 635 030e 12030000 		.4byte	0x312
 636 0312 14       		.uleb128 0x14
 637 0313 8C000000 		.4byte	0x8c
 638 0317 15       		.uleb128 0x15
 639 0318 80020000 		.4byte	.LASF23
 640 031c 06       		.byte	0x6
 641 031d 54       		.byte	0x54
ARM GAS  C:\Users\Vladimir\AppData\Local\Temp\ccnKbWGp.s 			page 17


 642 031e 16       		.uleb128 0x16
 643 031f 71000000 		.4byte	.LASF25
 644 0323 07       		.byte	0x7
 645 0324 18       		.byte	0x18
 646 0325 2F030000 		.4byte	0x32f
 647 0329 0E       		.uleb128 0xe
 648 032a C4000000 		.4byte	0xc4
 649 032e 00       		.byte	0
 650 032f 15       		.uleb128 0x15
 651 0330 47000000 		.4byte	.LASF24
 652 0334 05       		.byte	0x5
 653 0335 1A       		.byte	0x1a
 654 0336 16       		.uleb128 0x16
 655 0337 D2000000 		.4byte	.LASF26
 656 033b 08       		.byte	0x8
 657 033c 26       		.byte	0x26
 658 033d 47030000 		.4byte	0x347
 659 0341 0E       		.uleb128 0xe
 660 0342 97000000 		.4byte	0x97
 661 0346 00       		.byte	0
 662 0347 16       		.uleb128 0x16
 663 0348 09000000 		.4byte	.LASF27
 664 034c 05       		.byte	0x5
 665 034d 1B       		.byte	0x1b
 666 034e 58030000 		.4byte	0x358
 667 0352 0E       		.uleb128 0xe
 668 0353 58030000 		.4byte	0x358
 669 0357 00       		.byte	0
 670 0358 06       		.uleb128 0x6
 671 0359 04       		.byte	0x4
 672 035a EF000000 		.4byte	0xef
 673 035e 17       		.uleb128 0x17
 674 035f 3E020000 		.4byte	.LASF40
 675 0363 0C       		.byte	0xc
 676 0364 B2       		.byte	0xb2
 677 0365 73000000 		.4byte	0x73
 678 0369 74030000 		.4byte	0x374
 679 036d 0E       		.uleb128 0xe
 680 036e E4000000 		.4byte	0xe4
 681 0372 18       		.uleb128 0x18
 682 0373 00       		.byte	0
 683 0374 16       		.uleb128 0x16
 684 0375 33000000 		.4byte	.LASF28
 685 0379 05       		.byte	0x5
 686 037a 1C       		.byte	0x1c
 687 037b 85030000 		.4byte	0x385
 688 037f 0E       		.uleb128 0xe
 689 0380 58030000 		.4byte	0x358
 690 0384 00       		.byte	0
 691 0385 16       		.uleb128 0x16
 692 0386 78020000 		.4byte	.LASF29
 693 038a 09       		.byte	0x9
 694 038b 76       		.byte	0x76
 695 038c 96030000 		.4byte	0x396
 696 0390 0E       		.uleb128 0xe
 697 0391 A3000000 		.4byte	0xa3
 698 0395 00       		.byte	0
ARM GAS  C:\Users\Vladimir\AppData\Local\Temp\ccnKbWGp.s 			page 18


 699 0396 19       		.uleb128 0x19
 700 0397 ED010000 		.4byte	.LASF32
 701 039b 0A       		.byte	0xa
 702 039c 0B       		.byte	0xb
 703 039d A3030000 		.4byte	0x3a3
 704 03a1 18       		.uleb128 0x18
 705 03a2 00       		.byte	0
 706 03a3 16       		.uleb128 0x16
 707 03a4 C4000000 		.4byte	.LASF30
 708 03a8 0A       		.byte	0xa
 709 03a9 0F       		.byte	0xf
 710 03aa B9030000 		.4byte	0x3b9
 711 03ae 0E       		.uleb128 0xe
 712 03af 97000000 		.4byte	0x97
 713 03b3 0E       		.uleb128 0xe
 714 03b4 A3000000 		.4byte	0xa3
 715 03b8 00       		.byte	0
 716 03b9 16       		.uleb128 0x16
 717 03ba 6D020000 		.4byte	.LASF31
 718 03be 0A       		.byte	0xa
 719 03bf 12       		.byte	0x12
 720 03c0 D4030000 		.4byte	0x3d4
 721 03c4 0E       		.uleb128 0xe
 722 03c5 97000000 		.4byte	0x97
 723 03c9 0E       		.uleb128 0xe
 724 03ca 97000000 		.4byte	0x97
 725 03ce 0E       		.uleb128 0xe
 726 03cf A3000000 		.4byte	0xa3
 727 03d3 00       		.byte	0
 728 03d4 1A       		.uleb128 0x1a
 729 03d5 24000000 		.4byte	.LASF33
 730 03d9 0A       		.byte	0xa
 731 03da 15       		.byte	0x15
 732 03db 0E       		.uleb128 0xe
 733 03dc 97000000 		.4byte	0x97
 734 03e0 0E       		.uleb128 0xe
 735 03e1 A3000000 		.4byte	0xa3
 736 03e5 00       		.byte	0
 737 03e6 00       		.byte	0
 738              		.section	.debug_abbrev,"",%progbits
 739              	.Ldebug_abbrev0:
 740 0000 01       		.uleb128 0x1
 741 0001 11       		.uleb128 0x11
 742 0002 01       		.byte	0x1
 743 0003 25       		.uleb128 0x25
 744 0004 0E       		.uleb128 0xe
 745 0005 13       		.uleb128 0x13
 746 0006 0B       		.uleb128 0xb
 747 0007 03       		.uleb128 0x3
 748 0008 0E       		.uleb128 0xe
 749 0009 1B       		.uleb128 0x1b
 750 000a 0E       		.uleb128 0xe
 751 000b 55       		.uleb128 0x55
 752 000c 17       		.uleb128 0x17
 753 000d 11       		.uleb128 0x11
 754 000e 01       		.uleb128 0x1
 755 000f 10       		.uleb128 0x10
ARM GAS  C:\Users\Vladimir\AppData\Local\Temp\ccnKbWGp.s 			page 19


 756 0010 17       		.uleb128 0x17
 757 0011 00       		.byte	0
 758 0012 00       		.byte	0
 759 0013 02       		.uleb128 0x2
 760 0014 24       		.uleb128 0x24
 761 0015 00       		.byte	0
 762 0016 0B       		.uleb128 0xb
 763 0017 0B       		.uleb128 0xb
 764 0018 3E       		.uleb128 0x3e
 765 0019 0B       		.uleb128 0xb
 766 001a 03       		.uleb128 0x3
 767 001b 0E       		.uleb128 0xe
 768 001c 00       		.byte	0
 769 001d 00       		.byte	0
 770 001e 03       		.uleb128 0x3
 771 001f 16       		.uleb128 0x16
 772 0020 00       		.byte	0
 773 0021 03       		.uleb128 0x3
 774 0022 0E       		.uleb128 0xe
 775 0023 3A       		.uleb128 0x3a
 776 0024 0B       		.uleb128 0xb
 777 0025 3B       		.uleb128 0x3b
 778 0026 0B       		.uleb128 0xb
 779 0027 49       		.uleb128 0x49
 780 0028 13       		.uleb128 0x13
 781 0029 00       		.byte	0
 782 002a 00       		.byte	0
 783 002b 04       		.uleb128 0x4
 784 002c 24       		.uleb128 0x24
 785 002d 00       		.byte	0
 786 002e 0B       		.uleb128 0xb
 787 002f 0B       		.uleb128 0xb
 788 0030 3E       		.uleb128 0x3e
 789 0031 0B       		.uleb128 0xb
 790 0032 03       		.uleb128 0x3
 791 0033 08       		.uleb128 0x8
 792 0034 00       		.byte	0
 793 0035 00       		.byte	0
 794 0036 05       		.uleb128 0x5
 795 0037 16       		.uleb128 0x16
 796 0038 00       		.byte	0
 797 0039 03       		.uleb128 0x3
 798 003a 0E       		.uleb128 0xe
 799 003b 3A       		.uleb128 0x3a
 800 003c 0B       		.uleb128 0xb
 801 003d 3B       		.uleb128 0x3b
 802 003e 05       		.uleb128 0x5
 803 003f 49       		.uleb128 0x49
 804 0040 13       		.uleb128 0x13
 805 0041 00       		.byte	0
 806 0042 00       		.byte	0
 807 0043 06       		.uleb128 0x6
 808 0044 0F       		.uleb128 0xf
 809 0045 00       		.byte	0
 810 0046 0B       		.uleb128 0xb
 811 0047 0B       		.uleb128 0xb
 812 0048 49       		.uleb128 0x49
ARM GAS  C:\Users\Vladimir\AppData\Local\Temp\ccnKbWGp.s 			page 20


 813 0049 13       		.uleb128 0x13
 814 004a 00       		.byte	0
 815 004b 00       		.byte	0
 816 004c 07       		.uleb128 0x7
 817 004d 15       		.uleb128 0x15
 818 004e 00       		.byte	0
 819 004f 27       		.uleb128 0x27
 820 0050 19       		.uleb128 0x19
 821 0051 00       		.byte	0
 822 0052 00       		.byte	0
 823 0053 08       		.uleb128 0x8
 824 0054 26       		.uleb128 0x26
 825 0055 00       		.byte	0
 826 0056 49       		.uleb128 0x49
 827 0057 13       		.uleb128 0x13
 828 0058 00       		.byte	0
 829 0059 00       		.byte	0
 830 005a 09       		.uleb128 0x9
 831 005b 13       		.uleb128 0x13
 832 005c 01       		.byte	0x1
 833 005d 03       		.uleb128 0x3
 834 005e 0E       		.uleb128 0xe
 835 005f 0B       		.uleb128 0xb
 836 0060 0B       		.uleb128 0xb
 837 0061 3A       		.uleb128 0x3a
 838 0062 0B       		.uleb128 0xb
 839 0063 3B       		.uleb128 0x3b
 840 0064 0B       		.uleb128 0xb
 841 0065 01       		.uleb128 0x1
 842 0066 13       		.uleb128 0x13
 843 0067 00       		.byte	0
 844 0068 00       		.byte	0
 845 0069 0A       		.uleb128 0xa
 846 006a 0D       		.uleb128 0xd
 847 006b 00       		.byte	0
 848 006c 03       		.uleb128 0x3
 849 006d 08       		.uleb128 0x8
 850 006e 3A       		.uleb128 0x3a
 851 006f 0B       		.uleb128 0xb
 852 0070 3B       		.uleb128 0x3b
 853 0071 0B       		.uleb128 0xb
 854 0072 49       		.uleb128 0x49
 855 0073 13       		.uleb128 0x13
 856 0074 38       		.uleb128 0x38
 857 0075 0B       		.uleb128 0xb
 858 0076 00       		.byte	0
 859 0077 00       		.byte	0
 860 0078 0B       		.uleb128 0xb
 861 0079 2E       		.uleb128 0x2e
 862 007a 01       		.byte	0x1
 863 007b 3F       		.uleb128 0x3f
 864 007c 19       		.uleb128 0x19
 865 007d 03       		.uleb128 0x3
 866 007e 0E       		.uleb128 0xe
 867 007f 3A       		.uleb128 0x3a
 868 0080 0B       		.uleb128 0xb
 869 0081 3B       		.uleb128 0x3b
ARM GAS  C:\Users\Vladimir\AppData\Local\Temp\ccnKbWGp.s 			page 21


 870 0082 0B       		.uleb128 0xb
 871 0083 49       		.uleb128 0x49
 872 0084 13       		.uleb128 0x13
 873 0085 11       		.uleb128 0x11
 874 0086 01       		.uleb128 0x1
 875 0087 12       		.uleb128 0x12
 876 0088 06       		.uleb128 0x6
 877 0089 40       		.uleb128 0x40
 878 008a 18       		.uleb128 0x18
 879 008b 9742     		.uleb128 0x2117
 880 008d 19       		.uleb128 0x19
 881 008e 01       		.uleb128 0x1
 882 008f 13       		.uleb128 0x13
 883 0090 00       		.byte	0
 884 0091 00       		.byte	0
 885 0092 0C       		.uleb128 0xc
 886 0093 34       		.uleb128 0x34
 887 0094 00       		.byte	0
 888 0095 03       		.uleb128 0x3
 889 0096 08       		.uleb128 0x8
 890 0097 3A       		.uleb128 0x3a
 891 0098 0B       		.uleb128 0xb
 892 0099 3B       		.uleb128 0x3b
 893 009a 0B       		.uleb128 0xb
 894 009b 49       		.uleb128 0x49
 895 009c 13       		.uleb128 0x13
 896 009d 02       		.uleb128 0x2
 897 009e 18       		.uleb128 0x18
 898 009f 00       		.byte	0
 899 00a0 00       		.byte	0
 900 00a1 0D       		.uleb128 0xd
 901 00a2 2E       		.uleb128 0x2e
 902 00a3 01       		.byte	0x1
 903 00a4 03       		.uleb128 0x3
 904 00a5 0E       		.uleb128 0xe
 905 00a6 3A       		.uleb128 0x3a
 906 00a7 0B       		.uleb128 0xb
 907 00a8 3B       		.uleb128 0x3b
 908 00a9 05       		.uleb128 0x5
 909 00aa 27       		.uleb128 0x27
 910 00ab 19       		.uleb128 0x19
 911 00ac 49       		.uleb128 0x49
 912 00ad 13       		.uleb128 0x13
 913 00ae 3C       		.uleb128 0x3c
 914 00af 19       		.uleb128 0x19
 915 00b0 01       		.uleb128 0x1
 916 00b1 13       		.uleb128 0x13
 917 00b2 00       		.byte	0
 918 00b3 00       		.byte	0
 919 00b4 0E       		.uleb128 0xe
 920 00b5 05       		.uleb128 0x5
 921 00b6 00       		.byte	0
 922 00b7 49       		.uleb128 0x49
 923 00b8 13       		.uleb128 0x13
 924 00b9 00       		.byte	0
 925 00ba 00       		.byte	0
 926 00bb 0F       		.uleb128 0xf
ARM GAS  C:\Users\Vladimir\AppData\Local\Temp\ccnKbWGp.s 			page 22


 927 00bc 898201   		.uleb128 0x4109
 928 00bf 00       		.byte	0
 929 00c0 11       		.uleb128 0x11
 930 00c1 01       		.uleb128 0x1
 931 00c2 31       		.uleb128 0x31
 932 00c3 13       		.uleb128 0x13
 933 00c4 00       		.byte	0
 934 00c5 00       		.byte	0
 935 00c6 10       		.uleb128 0x10
 936 00c7 898201   		.uleb128 0x4109
 937 00ca 01       		.byte	0x1
 938 00cb 11       		.uleb128 0x11
 939 00cc 01       		.uleb128 0x1
 940 00cd 31       		.uleb128 0x31
 941 00ce 13       		.uleb128 0x13
 942 00cf 01       		.uleb128 0x1
 943 00d0 13       		.uleb128 0x13
 944 00d1 00       		.byte	0
 945 00d2 00       		.byte	0
 946 00d3 11       		.uleb128 0x11
 947 00d4 8A8201   		.uleb128 0x410a
 948 00d7 00       		.byte	0
 949 00d8 02       		.uleb128 0x2
 950 00d9 18       		.uleb128 0x18
 951 00da 9142     		.uleb128 0x2111
 952 00dc 18       		.uleb128 0x18
 953 00dd 00       		.byte	0
 954 00de 00       		.byte	0
 955 00df 12       		.uleb128 0x12
 956 00e0 898201   		.uleb128 0x4109
 957 00e3 01       		.byte	0x1
 958 00e4 11       		.uleb128 0x11
 959 00e5 01       		.uleb128 0x1
 960 00e6 31       		.uleb128 0x31
 961 00e7 13       		.uleb128 0x13
 962 00e8 00       		.byte	0
 963 00e9 00       		.byte	0
 964 00ea 13       		.uleb128 0x13
 965 00eb 34       		.uleb128 0x34
 966 00ec 00       		.byte	0
 967 00ed 03       		.uleb128 0x3
 968 00ee 0E       		.uleb128 0xe
 969 00ef 3A       		.uleb128 0x3a
 970 00f0 0B       		.uleb128 0xb
 971 00f1 3B       		.uleb128 0x3b
 972 00f2 05       		.uleb128 0x5
 973 00f3 49       		.uleb128 0x49
 974 00f4 13       		.uleb128 0x13
 975 00f5 3F       		.uleb128 0x3f
 976 00f6 19       		.uleb128 0x19
 977 00f7 3C       		.uleb128 0x3c
 978 00f8 19       		.uleb128 0x19
 979 00f9 00       		.byte	0
 980 00fa 00       		.byte	0
 981 00fb 14       		.uleb128 0x14
 982 00fc 35       		.uleb128 0x35
 983 00fd 00       		.byte	0
ARM GAS  C:\Users\Vladimir\AppData\Local\Temp\ccnKbWGp.s 			page 23


 984 00fe 49       		.uleb128 0x49
 985 00ff 13       		.uleb128 0x13
 986 0100 00       		.byte	0
 987 0101 00       		.byte	0
 988 0102 15       		.uleb128 0x15
 989 0103 2E       		.uleb128 0x2e
 990 0104 00       		.byte	0
 991 0105 3F       		.uleb128 0x3f
 992 0106 19       		.uleb128 0x19
 993 0107 03       		.uleb128 0x3
 994 0108 0E       		.uleb128 0xe
 995 0109 3A       		.uleb128 0x3a
 996 010a 0B       		.uleb128 0xb
 997 010b 3B       		.uleb128 0x3b
 998 010c 0B       		.uleb128 0xb
 999 010d 27       		.uleb128 0x27
 1000 010e 19       		.uleb128 0x19
 1001 010f 3C       		.uleb128 0x3c
 1002 0110 19       		.uleb128 0x19
 1003 0111 00       		.byte	0
 1004 0112 00       		.byte	0
 1005 0113 16       		.uleb128 0x16
 1006 0114 2E       		.uleb128 0x2e
 1007 0115 01       		.byte	0x1
 1008 0116 3F       		.uleb128 0x3f
 1009 0117 19       		.uleb128 0x19
 1010 0118 03       		.uleb128 0x3
 1011 0119 0E       		.uleb128 0xe
 1012 011a 3A       		.uleb128 0x3a
 1013 011b 0B       		.uleb128 0xb
 1014 011c 3B       		.uleb128 0x3b
 1015 011d 0B       		.uleb128 0xb
 1016 011e 27       		.uleb128 0x27
 1017 011f 19       		.uleb128 0x19
 1018 0120 3C       		.uleb128 0x3c
 1019 0121 19       		.uleb128 0x19
 1020 0122 01       		.uleb128 0x1
 1021 0123 13       		.uleb128 0x13
 1022 0124 00       		.byte	0
 1023 0125 00       		.byte	0
 1024 0126 17       		.uleb128 0x17
 1025 0127 2E       		.uleb128 0x2e
 1026 0128 01       		.byte	0x1
 1027 0129 3F       		.uleb128 0x3f
 1028 012a 19       		.uleb128 0x19
 1029 012b 03       		.uleb128 0x3
 1030 012c 0E       		.uleb128 0xe
 1031 012d 3A       		.uleb128 0x3a
 1032 012e 0B       		.uleb128 0xb
 1033 012f 3B       		.uleb128 0x3b
 1034 0130 0B       		.uleb128 0xb
 1035 0131 27       		.uleb128 0x27
 1036 0132 19       		.uleb128 0x19
 1037 0133 49       		.uleb128 0x49
 1038 0134 13       		.uleb128 0x13
 1039 0135 3C       		.uleb128 0x3c
 1040 0136 19       		.uleb128 0x19
ARM GAS  C:\Users\Vladimir\AppData\Local\Temp\ccnKbWGp.s 			page 24


 1041 0137 01       		.uleb128 0x1
 1042 0138 13       		.uleb128 0x13
 1043 0139 00       		.byte	0
 1044 013a 00       		.byte	0
 1045 013b 18       		.uleb128 0x18
 1046 013c 18       		.uleb128 0x18
 1047 013d 00       		.byte	0
 1048 013e 00       		.byte	0
 1049 013f 00       		.byte	0
 1050 0140 19       		.uleb128 0x19
 1051 0141 2E       		.uleb128 0x2e
 1052 0142 01       		.byte	0x1
 1053 0143 3F       		.uleb128 0x3f
 1054 0144 19       		.uleb128 0x19
 1055 0145 03       		.uleb128 0x3
 1056 0146 0E       		.uleb128 0xe
 1057 0147 3A       		.uleb128 0x3a
 1058 0148 0B       		.uleb128 0xb
 1059 0149 3B       		.uleb128 0x3b
 1060 014a 0B       		.uleb128 0xb
 1061 014b 3C       		.uleb128 0x3c
 1062 014c 19       		.uleb128 0x19
 1063 014d 01       		.uleb128 0x1
 1064 014e 13       		.uleb128 0x13
 1065 014f 00       		.byte	0
 1066 0150 00       		.byte	0
 1067 0151 1A       		.uleb128 0x1a
 1068 0152 2E       		.uleb128 0x2e
 1069 0153 01       		.byte	0x1
 1070 0154 3F       		.uleb128 0x3f
 1071 0155 19       		.uleb128 0x19
 1072 0156 03       		.uleb128 0x3
 1073 0157 0E       		.uleb128 0xe
 1074 0158 3A       		.uleb128 0x3a
 1075 0159 0B       		.uleb128 0xb
 1076 015a 3B       		.uleb128 0x3b
 1077 015b 0B       		.uleb128 0xb
 1078 015c 27       		.uleb128 0x27
 1079 015d 19       		.uleb128 0x19
 1080 015e 3C       		.uleb128 0x3c
 1081 015f 19       		.uleb128 0x19
 1082 0160 00       		.byte	0
 1083 0161 00       		.byte	0
 1084 0162 00       		.byte	0
 1085              		.section	.debug_aranges,"",%progbits
 1086 0000 1C000000 		.4byte	0x1c
 1087 0004 0200     		.2byte	0x2
 1088 0006 00000000 		.4byte	.Ldebug_info0
 1089 000a 04       		.byte	0x4
 1090 000b 00       		.byte	0
 1091 000c 0000     		.2byte	0
 1092 000e 0000     		.2byte	0
 1093 0010 00000000 		.4byte	.LFB63
 1094 0014 08010000 		.4byte	.LFE63-.LFB63
 1095 0018 00000000 		.4byte	0
 1096 001c 00000000 		.4byte	0
 1097              		.section	.debug_ranges,"",%progbits
ARM GAS  C:\Users\Vladimir\AppData\Local\Temp\ccnKbWGp.s 			page 25


 1098              	.Ldebug_ranges0:
 1099 0000 00000000 		.4byte	.LFB63
 1100 0004 08010000 		.4byte	.LFE63
 1101 0008 00000000 		.4byte	0
 1102 000c 00000000 		.4byte	0
 1103              		.section	.debug_line,"",%progbits
 1104              	.Ldebug_line0:
 1105 0000 0B020000 		.section	.debug_str,"MS",%progbits,1
 1105      0200AF01 
 1105      00000201 
 1105      FB0E0D00 
 1105      01010101 
 1106              	.LASF37:
 1107 0000 73656E73 		.ascii	"sensors_\000"
 1107      6F72735F 
 1107      00
 1108              	.LASF27:
 1109 0009 7265666C 		.ascii	"reflectance_read\000"
 1109      65637461 
 1109      6E63655F 
 1109      72656164 
 1109      00
 1110              	.LASF5:
 1111 001a 5F5F696E 		.ascii	"__int32_t\000"
 1111      7433325F 
 1111      7400
 1112              	.LASF33:
 1113 0024 6D6F746F 		.ascii	"motor_backward\000"
 1113      725F6261 
 1113      636B7761 
 1113      726400
 1114              	.LASF28:
 1115 0033 7265666C 		.ascii	"reflectance_digital\000"
 1115      65637461 
 1115      6E63655F 
 1115      64696769 
 1115      74616C00 
 1116              	.LASF24:
 1117 0047 7265666C 		.ascii	"reflectance_start\000"
 1117      65637461 
 1117      6E63655F 
 1117      73746172 
 1117      7400
 1118              	.LASF22:
 1119 0059 5F726561 		.ascii	"_read\000"
 1119      6400
 1120              	.LASF15:
 1121 005f 666C6F61 		.ascii	"float\000"
 1121      7400
 1122              	.LASF0:
 1123 0065 7369676E 		.ascii	"signed char\000"
 1123      65642063 
 1123      68617200 
 1124              	.LASF25:
 1125 0071 73656E73 		.ascii	"sensor_isr_StartEx\000"
 1125      6F725F69 
 1125      73725F53 
ARM GAS  C:\Users\Vladimir\AppData\Local\Temp\ccnKbWGp.s 			page 26


 1125      74617274 
 1125      457800
 1126              	.LASF1:
 1127 0084 756E7369 		.ascii	"unsigned char\000"
 1127      676E6564 
 1127      20636861 
 1127      7200
 1128              	.LASF7:
 1129 0092 6C6F6E67 		.ascii	"long unsigned int\000"
 1129      20756E73 
 1129      69676E65 
 1129      6420696E 
 1129      7400
 1130              	.LASF3:
 1131 00a4 73686F72 		.ascii	"short unsigned int\000"
 1131      7420756E 
 1131      7369676E 
 1131      65642069 
 1131      6E7400
 1132              	.LASF39:
 1133 00b7 49544D5F 		.ascii	"ITM_RxBuffer\000"
 1133      52784275 
 1133      66666572 
 1133      00
 1134              	.LASF30:
 1135 00c4 6D6F746F 		.ascii	"motor_forward\000"
 1135      725F666F 
 1135      72776172 
 1135      6400
 1136              	.LASF26:
 1137 00d2 49525F6C 		.ascii	"IR_led_Write\000"
 1137      65645F57 
 1137      72697465 
 1137      00
 1138              	.LASF4:
 1139 00df 5F5F7569 		.ascii	"__uint16_t\000"
 1139      6E743136 
 1139      5F7400
 1140              	.LASF16:
 1141 00ea 646F7562 		.ascii	"double\000"
 1141      6C6500
 1142              	.LASF36:
 1143 00f1 433A5C55 		.ascii	"C:\\Users\\Vladimir\\Desktop\\Zumo.release04\\Zumo0"
 1143      73657273 
 1143      5C566C61 
 1143      64696D69 
 1143      725C4465 
 1144 011f 315C5A75 		.ascii	"1\\ZumoBot.cydsn\000"
 1144      6D6F426F 
 1144      742E6379 
 1144      64736E00 
 1145              	.LASF38:
 1146 012f 6D61696E 		.ascii	"main\000"
 1146      00
 1147              	.LASF14:
 1148 0134 75696E74 		.ascii	"uint32\000"
 1148      333200
ARM GAS  C:\Users\Vladimir\AppData\Local\Temp\ccnKbWGp.s 			page 27


 1149              	.LASF34:
 1150 013b 474E5520 		.ascii	"GNU C 4.9.3 20150303 (release) [ARM/embedded-4_9-br"
 1150      4320342E 
 1150      392E3320 
 1150      32303135 
 1150      30333033 
 1151 016e 616E6368 		.ascii	"anch revision 221220] -mcpu=cortex-m3 -mthumb -g -O"
 1151      20726576 
 1151      6973696F 
 1151      6E203232 
 1151      31323230 
 1152 01a1 67202D66 		.ascii	"g -ffunction-sections -ffat-lto-objects\000"
 1152      66756E63 
 1152      74696F6E 
 1152      2D736563 
 1152      74696F6E 
 1153              	.LASF10:
 1154 01c9 756E7369 		.ascii	"unsigned int\000"
 1154      676E6564 
 1154      20696E74 
 1154      00
 1155              	.LASF9:
 1156 01d6 6C6F6E67 		.ascii	"long long unsigned int\000"
 1156      206C6F6E 
 1156      6720756E 
 1156      7369676E 
 1156      65642069 
 1157              	.LASF32:
 1158 01ed 6D6F746F 		.ascii	"motor_start\000"
 1158      725F7374 
 1158      61727400 
 1159              	.LASF18:
 1160 01f9 63796973 		.ascii	"cyisraddress\000"
 1160      72616464 
 1160      72657373 
 1160      00
 1161              	.LASF13:
 1162 0206 75696E74 		.ascii	"uint8\000"
 1162      3800
 1163              	.LASF12:
 1164 020c 696E7433 		.ascii	"int32_t\000"
 1164      325F7400 
 1165              	.LASF21:
 1166 0214 5F777269 		.ascii	"_write\000"
 1166      746500
 1167              	.LASF19:
 1168 021b 73697A65 		.ascii	"sizetype\000"
 1168      74797065 
 1168      00
 1169              	.LASF8:
 1170 0224 6C6F6E67 		.ascii	"long long int\000"
 1170      206C6F6E 
 1170      6720696E 
 1170      7400
 1171              	.LASF35:
 1172 0232 6D61696E 		.ascii	"main.c\000"
 1172      2E6300
ARM GAS  C:\Users\Vladimir\AppData\Local\Temp\ccnKbWGp.s 			page 28


 1173              	.LASF17:
 1174 0239 63686172 		.ascii	"char\000"
 1174      00
 1175              	.LASF40:
 1176 023e 7072696E 		.ascii	"printf\000"
 1176      746600
 1177              	.LASF2:
 1178 0245 73686F72 		.ascii	"short int\000"
 1178      7420696E 
 1178      7400
 1179              	.LASF11:
 1180 024f 75696E74 		.ascii	"uint16_t\000"
 1180      31365F74 
 1180      00
 1181              	.LASF6:
 1182 0258 6C6F6E67 		.ascii	"long int\000"
 1182      20696E74 
 1182      00
 1183              	.LASF20:
 1184 0261 6C6F6E67 		.ascii	"long double\000"
 1184      20646F75 
 1184      626C6500 
 1185              	.LASF31:
 1186 026d 6D6F746F 		.ascii	"motor_turn\000"
 1186      725F7475 
 1186      726E00
 1187              	.LASF29:
 1188 0278 43794465 		.ascii	"CyDelay\000"
 1188      6C617900 
 1189              	.LASF23:
 1190 0280 55415254 		.ascii	"UART_1_Start\000"
 1190      5F315F53 
 1190      74617274 
 1190      00
 1191              		.ident	"GCC: (GNU Tools for ARM Embedded Processors) 4.9.3 20150303 (release) [ARM/embedded-4_9-br
